Release 9.2i - xst J.36
Copyright (c) 1995-2007 Xilinx, Inc.  All rights reserved.
--> Parameter TMPDIR set to ./xst/projnav.tmp
CPU : 0.00 / 0.23 s | Elapsed : 0.00 / 0.00 s
 
--> Parameter xsthdpdir set to ./xst
CPU : 0.00 / 0.23 s | Elapsed : 0.00 / 0.00 s
 
--> Reading design: Salida.prj

TABLE OF CONTENTS
  1) Synthesis Options Summary
  2) HDL Compilation
  3) Design Hierarchy Analysis
  4) HDL Analysis
  5) HDL Synthesis
     5.1) HDL Synthesis Report
  6) Advanced HDL Synthesis
     6.1) Advanced HDL Synthesis Report
  7) Low Level Synthesis
  8) Partition Report
  9) Final Report
     9.1) Device utilization summary
     9.2) Partition Resource Summary
     9.3) TIMING REPORT


=========================================================================
*                      Synthesis Options Summary                        *
=========================================================================
---- Source Parameters
Input File Name                    : "Salida.prj"
Input Format                       : mixed
Ignore Synthesis Constraint File   : NO

---- Target Parameters
Output File Name                   : "Salida"
Output Format                      : NGC
Target Device                      : xc3s200-4-ft256

---- Source Options
Top Module Name                    : Salida
Automatic FSM Extraction           : YES
FSM Encoding Algorithm             : Auto
Safe Implementation                : No
FSM Style                          : lut
RAM Extraction                     : Yes
RAM Style                          : Auto
ROM Extraction                     : Yes
Mux Style                          : Auto
Decoder Extraction                 : YES
Priority Encoder Extraction        : YES
Shift Register Extraction          : YES
Logical Shifter Extraction         : YES
XOR Collapsing                     : YES
ROM Style                          : Auto
Mux Extraction                     : YES
Resource Sharing                   : YES
Asynchronous To Synchronous        : NO
Multiplier Style                   : auto
Automatic Register Balancing       : No

---- Target Options
Add IO Buffers                     : YES
Global Maximum Fanout              : 500
Add Generic Clock Buffer(BUFG)     : 8
Register Duplication               : YES
Slice Packing                      : YES
Optimize Instantiated Primitives   : NO
Use Clock Enable                   : Yes
Use Synchronous Set                : Yes
Use Synchronous Reset              : Yes
Pack IO Registers into IOBs        : auto
Equivalent register Removal        : YES

---- General Options
Optimization Goal                  : Speed
Optimization Effort                : 1
Library Search Order               : Salida.lso
Keep Hierarchy                     : NO
RTL Output                         : Yes
Global Optimization                : AllClockNets
Read Cores                         : YES
Write Timing Constraints           : NO
Cross Clock Analysis               : NO
Hierarchy Separator                : /
Bus Delimiter                      : <>
Case Specifier                     : maintain
Slice Utilization Ratio            : 100
BRAM Utilization Ratio             : 100
Verilog 2001                       : YES
Auto BRAM Packing                  : NO
Slice Utilization Ratio Delta      : 5

=========================================================================


=========================================================================
*                          HDL Compilation                              *
=========================================================================
Compiling vhdl file "C:/projectxilinx/motorpa/Salida.vhd" in Library work.
Entity <Salida> compiled.
Entity <Salida> (Architecture <Behavioral>) compiled.

=========================================================================
*                     Design Hierarchy Analysis                         *
=========================================================================
Analyzing hierarchy for entity <Salida> in library <work> (architecture <Behavioral>).


=========================================================================
*                            HDL Analysis                               *
=========================================================================
Analyzing Entity <Salida> in library <work> (Architecture <Behavioral>).
Entity <Salida> analyzed. Unit <Salida> generated.


=========================================================================
*                           HDL Synthesis                               *
=========================================================================

Performing bidirectional port resolution...

Synthesizing Unit <Salida>.
    Related source file is "C:/projectxilinx/motorpa/Salida.vhd".
    Found finite state machine <FSM_0> for signal <estado>.
    -----------------------------------------------------------------------
    | States             | 9                                              |
    | Transitions        | 32                                             |
    | Inputs             | 5                                              |
    | Outputs            | 9                                              |
    | Clock              | CLOCK (rising_edge)                            |
    | Reset              | EN (negative)                                  |
    | Reset type         | synchronous                                    |
    | Reset State        | s8                                             |
    | Power Up State     | s0                                             |
    | Encoding           | automatic                                      |
    | Implementation     | LUT                                            |
    -----------------------------------------------------------------------
    Found 4-bit register for signal <ABCD>.
    Summary:
	inferred   1 Finite State Machine(s).
	inferred   4 D-type flip-flop(s).
Unit <Salida> synthesized.


=========================================================================
HDL Synthesis Report

Macro Statistics
# Registers                                            : 1
 4-bit register                                        : 1

=========================================================================

=========================================================================
*                       Advanced HDL Synthesis                          *
=========================================================================

Analyzing FSM <FSM_0> for best encoding.
Optimizing FSM <estado> on signal <estado[1:4]> with sequential encoding.
-------------------
 State | Encoding
-------------------
 s0    | 0000
 s1    | 0010
 s2    | 0100
 s3    | 0101
 s4    | 0110
 s5    | 0111
 s6    | 1000
 s7    | 0011
 s8    | 0001
-------------------
Loading device for application Rf_Device from file '3s200.nph' in environment C:\Xilinx92i.

=========================================================================
Advanced HDL Synthesis Report

Macro Statistics
# FSMs                                                 : 1
# Registers                                            : 8
 Flip-Flops                                            : 8

=========================================================================

=========================================================================
*                         Low Level Synthesis                           *
=========================================================================

Optimizing unit <Salida> ...

Mapping all equations...
Building and optimizing final netlist ...
Found area constraint ratio of 100 (+ 5) on block Salida, actual ratio is 0.

Final Macro Processing ...

=========================================================================
Final Register Report

Macro Statistics
# Registers                                            : 8
 Flip-Flops                                            : 8

=========================================================================

=========================================================================
*                          Partition Report                             *
=========================================================================

Partition Implementation Status
-------------------------------

  No Partitions were found in this design.

-------------------------------

=========================================================================
*                            Final Report                               *
=========================================================================
Final Results
RTL Top Level Output File Name     : Salida.ngr
Top Level Output File Name         : Salida
Output Format                      : NGC
Optimization Goal                  : Speed
Keep Hierarchy                     : NO

Design Statistics
# IOs                              : 8

Cell Usage :
# BELS                             : 32
#      INV                         : 1
#      LUT2                        : 3
#      LUT2_L                      : 4
#      LUT3                        : 1
#      LUT4                        : 15
#      LUT4_L                      : 6
#      MUXF5                       : 2
# FlipFlops/Latches                : 8
#      FD                          : 4
#      FDR                         : 1
#      FDRS                        : 2
#      FDS                         : 1
# Clock Buffers                    : 1
#      BUFGP                       : 1
# IO Buffers                       : 7
#      IBUF                        : 3
#      OBUF                        : 4
=========================================================================

Device utilization summary:
---------------------------

Selected Device : 3s200ft256-4 

 Number of Slices:                      15  out of   1920     0%  
 Number of Slice Flip Flops:             8  out of   3840     0%  
 Number of 4 input LUTs:                30  out of   3840     0%  
 Number of IOs:                          8
 Number of bonded IOBs:                  8  out of    173     4%  
 Number of GCLKs:                        1  out of      8    12%  

---------------------------
Partition Resource Summary:
---------------------------

  No Partitions were found in this design.

---------------------------


=========================================================================
TIMING REPORT

NOTE: THESE TIMING NUMBERS ARE ONLY A SYNTHESIS ESTIMATE.
      FOR ACCURATE TIMING INFORMATION PLEASE REFER TO THE TRACE REPORT
      GENERATED AFTER PLACE-and-ROUTE.

Clock Information:
------------------
-----------------------------------+------------------------+-------+
Clock Signal                       | Clock buffer(FF name)  | Load  |
-----------------------------------+------------------------+-------+
CLOCK                              | BUFGP                  | 8     |
-----------------------------------+------------------------+-------+

Asynchronous Control Signals Information:
----------------------------------------
No asynchronous control signals found in this design

Timing Summary:
---------------
Speed Grade: -4

   Minimum period: 5.325ns (Maximum Frequency: 187.793MHz)
   Minimum input arrival time before clock: 5.503ns
   Maximum output required time after clock: 7.165ns
   Maximum combinational path delay: No path found

Timing Detail:
--------------
All values displayed in nanoseconds (ns)

=========================================================================
Timing constraint: Default period analysis for Clock 'CLOCK'
  Clock period: 5.325ns (frequency: 187.793MHz)
  Total number of paths / destination ports: 54 / 10
-------------------------------------------------------------------------
Delay:               5.325ns (Levels of Logic = 2)
  Source:            estado_FFd3 (FF)
  Destination:       estado_FFd2 (FF)
  Source Clock:      CLOCK rising
  Destination Clock: CLOCK rising

  Data Path: estado_FFd3 to estado_FFd2
                                Gate     Net
    Cell:in->out      fanout   Delay   Delay  Logical Name (Net Name)
    ----------------------------------------  ------------
     FDRS:C->Q            16   0.720   1.432  estado_FFd3 (estado_FFd3)
     LUT2_L:I1->LO         1   0.551   0.168  ABCD_mux0005<2>11_SW0 (N39)
     LUT4:I2->O            2   0.551   0.877  ABCD_mux0005<2>11 (N16)
     FDRS:S                    1.026          estado_FFd2
    ----------------------------------------
    Total                      5.325ns (2.848ns logic, 2.477ns route)
                                       (53.5% logic, 46.5% route)

=========================================================================
Timing constraint: Default OFFSET IN BEFORE for Clock 'CLOCK'
  Total number of paths / destination ports: 40 / 13
-------------------------------------------------------------------------
Offset:              5.503ns (Levels of Logic = 3)
  Source:            DR<0> (PAD)
  Destination:       estado_FFd2 (FF)
  Destination Clock: CLOCK rising

  Data Path: DR<0> to estado_FFd2
                                Gate     Net
    Cell:in->out      fanout   Delay   Delay  Logical Name (Net Name)
    ----------------------------------------  ------------
     IBUF:I->O            13   0.821   1.509  DR_0_IBUF (DR_0_IBUF)
     LUT2_L:I0->LO         1   0.551   0.168  ABCD_mux0005<2>11_SW0 (N39)
     LUT4:I2->O            2   0.551   0.877  ABCD_mux0005<2>11 (N16)
     FDRS:S                    1.026          estado_FFd2
    ----------------------------------------
    Total                      5.503ns (2.949ns logic, 2.554ns route)
                                       (53.6% logic, 46.4% route)

=========================================================================
Timing constraint: Default OFFSET OUT AFTER for Clock 'CLOCK'
  Total number of paths / destination ports: 4 / 4
-------------------------------------------------------------------------
Offset:              7.165ns (Levels of Logic = 1)
  Source:            ABCD_3 (FF)
  Destination:       ABCD<3> (PAD)
  Source Clock:      CLOCK rising

  Data Path: ABCD_3 to ABCD<3>
                                Gate     Net
    Cell:in->out      fanout   Delay   Delay  Logical Name (Net Name)
    ----------------------------------------  ------------
     FD:C->Q               1   0.720   0.801  ABCD_3 (ABCD_3)
     OBUF:I->O                 5.644          ABCD_3_OBUF (ABCD<3>)
    ----------------------------------------
    Total                      7.165ns (6.364ns logic, 0.801ns route)
                                       (88.8% logic, 11.2% route)

=========================================================================
CPU : 5.74 / 6.01 s | Elapsed : 6.00 / 6.00 s
 
--> 

Total memory usage is 149624 kilobytes

Number of errors   :    0 (   0 filtered)
Number of warnings :    0 (   0 filtered)
Number of infos    :    0 (   0 filtered)

