Release 9.2i - xst J.36
Copyright (c) 1995-2007 Xilinx, Inc.  All rights reserved.
--> Parameter TMPDIR set to ./xst/projnav.tmp
CPU : 0.00 / 0.19 s | Elapsed : 0.00 / 0.00 s
 
--> Parameter xsthdpdir set to ./xst
CPU : 0.00 / 0.19 s | Elapsed : 0.00 / 0.00 s
 
--> Reading design: crono.prj

TABLE OF CONTENTS
  1) Synthesis Options Summary
  2) HDL Compilation
  3) Design Hierarchy Analysis
  4) HDL Analysis
  5) HDL Synthesis
     5.1) HDL Synthesis Report
  6) Advanced HDL Synthesis
     6.1) Advanced HDL Synthesis Report
  7) Low Level Synthesis
  8) Partition Report
  9) Final Report
     9.1) Device utilization summary
     9.2) Partition Resource Summary
     9.3) TIMING REPORT


=========================================================================
*                      Synthesis Options Summary                        *
=========================================================================
---- Source Parameters
Input File Name                    : "crono.prj"
Input Format                       : mixed
Ignore Synthesis Constraint File   : NO

---- Target Parameters
Output File Name                   : "crono"
Output Format                      : NGC
Target Device                      : xc3s200-4-ft256

---- Source Options
Top Module Name                    : crono
Automatic FSM Extraction           : YES
FSM Encoding Algorithm             : Auto
Safe Implementation                : No
FSM Style                          : lut
RAM Extraction                     : Yes
RAM Style                          : Auto
ROM Extraction                     : Yes
Mux Style                          : Auto
Decoder Extraction                 : YES
Priority Encoder Extraction        : YES
Shift Register Extraction          : YES
Logical Shifter Extraction         : YES
XOR Collapsing                     : YES
ROM Style                          : Auto
Mux Extraction                     : YES
Resource Sharing                   : YES
Asynchronous To Synchronous        : NO
Multiplier Style                   : auto
Automatic Register Balancing       : No

---- Target Options
Add IO Buffers                     : YES
Global Maximum Fanout              : 500
Add Generic Clock Buffer(BUFG)     : 8
Register Duplication               : YES
Slice Packing                      : YES
Optimize Instantiated Primitives   : NO
Use Clock Enable                   : Yes
Use Synchronous Set                : Yes
Use Synchronous Reset              : Yes
Pack IO Registers into IOBs        : auto
Equivalent register Removal        : YES

---- General Options
Optimization Goal                  : Speed
Optimization Effort                : 1
Library Search Order               : crono.lso
Keep Hierarchy                     : NO
RTL Output                         : Yes
Global Optimization                : AllClockNets
Read Cores                         : YES
Write Timing Constraints           : NO
Cross Clock Analysis               : NO
Hierarchy Separator                : /
Bus Delimiter                      : <>
Case Specifier                     : maintain
Slice Utilization Ratio            : 100
BRAM Utilization Ratio             : 100
Verilog 2001                       : YES
Auto BRAM Packing                  : NO
Slice Utilization Ratio Delta      : 5

=========================================================================


=========================================================================
*                          HDL Compilation                              *
=========================================================================
WARNING:HDLParsers:3607 - Unit work/crono/rtl is now defined in a different file.  It was defined in "C:/projectxilinx/cronome/crono.vhd", and is now defined in "C:/projectxilinx/cronome/cgh.vhd".
WARNING:HDLParsers:3607 - Unit work/crono is now defined in a different file.  It was defined in "C:/projectxilinx/cronome/cgh.vhd", and is now defined in "C:/projectxilinx/cronome/crono.vhd".
WARNING:HDLParsers:3607 - Unit work/crono/rtl is now defined in a different file.  It was defined in "C:/projectxilinx/cronome/cgh.vhd", and is now defined in "C:/projectxilinx/cronome/crono.vhd".
Compiling vhdl file "C:/projectxilinx/cronome/cgh.vhd" in Library work.
Architecture rtl of Entity crono is up to date.
Compiling vhdl file "C:/projectxilinx/cronome/crono.vhd" in Library work.
Entity <crono> compiled.
ERROR:HDLParsers:163 - "C:/projectxilinx/cronome/crono.vhd" Line 87. Unexpected symbol read: á.
ERROR:HDLParsers:3312 - "C:/projectxilinx/cronome/crono.vhd" Line 87. Undefined symbol 'P'.
ERROR:HDLParsers:1209 - "C:/projectxilinx/cronome/crono.vhd" Line 87. P: Undefined symbol (last report in this block)
ERROR:HDLParsers:164 - "C:/projectxilinx/cronome/crono.vhd" Line 87. parse error, unexpected IDENTIFIER, expecting OPENPAR or TICK or LSQBRACK
ERROR:HDLParsers:3312 - "C:/projectxilinx/cronome/crono.vhd" Line 142. Undefined symbol 'ponen'.
ERROR:HDLParsers:1209 - "C:/projectxilinx/cronome/crono.vhd" Line 142. ponen: Undefined symbol (last report in this block)
ERROR:HDLParsers:164 - "C:/projectxilinx/cronome/crono.vhd" Line 142. parse error, unexpected IDENTIFIER, expecting OPENPAR or TICK or LSQBRACK
--> 

Total memory usage is 132596 kilobytes

Number of errors   :    7 (   0 filtered)
Number of warnings :    3 (   0 filtered)
Number of infos    :    0 (   0 filtered)

