--------------------------------------------------------------------------------
Release 9.1i Trace 
Copyright (c) 1995-2007 Xilinx, Inc.  All rights reserved.

C:\Xilinx91i\bin\nt\trce.exe -ise D:/Todofrec/Todofrec.ise -intstyle ise -e 3
-s 4 -xml freqm1 freqm1.ncd -o freqm1.twr freqm1.pcf -ucf freqm1.ucf

Design file:              freqm1.ncd
Physical constraint file: freqm1.pcf
Device,package,speed:     xc3s200,ft256,-4 (PRODUCTION 1.39 2006-10-19)
Report level:             error report

Environment Variable      Effect 
--------------------      ------ 
NONE                      No environment variables were set
--------------------------------------------------------------------------------

INFO:Timing:2698 - No timing constraints found, doing default enumeration.
INFO:Timing:2752 - To get complete path coverage, use the unconstrained paths 
   option. All paths that are not constrained will be reported in the 
   unconstrained paths section(s) of the report.
INFO:Timing:3339 - The clock-to-out numbers in this timing report are based on 
   a 50 Ohm transmission line loading model.  For the details of this model, 
   and for more information on accounting for different loading conditions, 
   please see the device datasheet.



Data Sheet report:
-----------------
All values displayed in nanoseconds (ns)

Setup/Hold to clock F_PATTERN
------------+------------+------------+------------------+--------+
            |  Setup to  |  Hold to   |                  | Clock  |
Source      | clk (edge) | clk (edge) |Internal Clock(s) | Phase  |
------------+------------+------------+------------------+--------+
START       |    0.413(R)|    1.887(R)|F_PATTERN_BUFGP   |   0.000|
------------+------------+------------+------------------+--------+

Clock to Setup on destination clock F_INPUT
---------------+---------+---------+---------+---------+
               | Src:Rise| Src:Fall| Src:Rise| Src:Fall|
Source Clock   |Dest:Rise|Dest:Rise|Dest:Fall|Dest:Fall|
---------------+---------+---------+---------+---------+
F_INPUT        |    4.639|         |         |         |
---------------+---------+---------+---------+---------+

Clock to Setup on destination clock F_PATTERN
---------------+---------+---------+---------+---------+
               | Src:Rise| Src:Fall| Src:Rise| Src:Fall|
Source Clock   |Dest:Rise|Dest:Rise|Dest:Fall|Dest:Fall|
---------------+---------+---------+---------+---------+
F_PATTERN      |    1.897|         |         |         |
---------------+---------+---------+---------+---------+


Analysis completed Thu Dec 06 11:20:47 2007
--------------------------------------------------------------------------------

Trace Settings:
-------------------------
Trace Settings 

Peak Memory Usage: 95 MB



