Release 8.1i Map I.24
Xilinx Mapping Report File for Design 'desplazamiento'

Design Information
------------------
Command Line   : D:\PROGRAMAS\Xilinxs\bin\nt\map.exe -ise
D:/Documentos/XILINXPROYECTOS/aluparc/aluparc.ise -intstyle ise -p
xa3s200-ftg256-4 -cm area -pr b -k 4 -c 100 -o desplazamiento_map.ncd
desplazamiento.ngd desplazamiento.pcf 
Target Device  : xa3s200
Target Package : ftg256
Target Speed   : -4
Mapper Version : aspartan3 -- $Revision: 1.34 $
Mapped Date    : Sun Apr 15 19:59:03 2007

Design Summary
--------------
Number of errors   :   1
Number of warnings :   0

Section 1 - Errors
------------------
ERROR:Map:116 - The design is empty.  No processing will be done.

Section 2 - Warnings
--------------------

Section 3 - Informational
-------------------------
