--------------------------------------------------------------------------------
Release 8.1i Trace I.24
Copyright (c) 1995-2005 Xilinx, Inc.  All rights reserved.

D:\PROGRAMAS\Xilinxs\bin\nt\trce.exe -ise aluparc.ise -intstyle ise -e 3 -l 3
-s 4 -xml leftshifter leftshifter.ncd -o leftshifter.twr leftshifter.pcf


Design file:              leftshifter.ncd
Physical constraint file: leftshifter.pcf
Device,speed:             xa3s200,-4 (PRODUCTION 1.37 2005-11-04)
Report level:             error report

Environment Variable      Effect 
--------------------      ------ 
NONE                      No environment variables were set
--------------------------------------------------------------------------------

INFO:Timing:2698 - No timing constraints found, doing default enumeration.
INFO:Timing:2752 - To get complete path coverage, use the unconstrained paths
   option. All paths that are not constrained will be reported in the
   unconstrained paths section(s) of the report.


Data Sheet report:
-----------------
All values displayed in nanoseconds (ns)

Setup/Hold to clock CLKL
------------+------------+------------+------------------+--------+
            |  Setup to  |  Hold to   |                  |  Clock |
Source      | clk (edge) | clk (edge) |Internal Clock(s) |  Phase |
------------+------------+------------+------------------+--------+
DIN<0>      |    3.019(R)|   -0.464(R)|CLKL_BUFGP        |   0.000|
DIN<1>      |    3.019(R)|   -0.463(R)|CLKL_BUFGP        |   0.000|
DIN<2>      |    3.019(R)|   -0.464(R)|CLKL_BUFGP        |   0.000|
DIN<3>      |    3.019(R)|   -0.464(R)|CLKL_BUFGP        |   0.000|
------------+------------+------------+------------------+--------+

Clock CLKL to Pad
------------+------------+------------------+--------+
            | clk (edge) |                  |  Clock |
Destination | to PAD     |Internal Clock(s) |  Phase |
------------+------------+------------------+--------+
LEFT<0>     |    8.999(R)|CLKL_BUFGP        |   0.000|
LEFT<1>     |    8.220(R)|CLKL_BUFGP        |   0.000|
LEFT<2>     |    8.301(R)|CLKL_BUFGP        |   0.000|
LEFT<3>     |    8.987(R)|CLKL_BUFGP        |   0.000|
------------+------------+------------------+--------+

Analysis completed Sun Apr 15 20:16:28 2007
--------------------------------------------------------------------------------



Peak Memory Usage: 100 MB
