Release 8.1i - xst I.24
Copyright (c) 1995-2005 Xilinx, Inc.  All rights reserved.
--> Parameter TMPDIR set to ./xst/projnav.tmp
CPU : 0.00 / 0.64 s | Elapsed : 0.00 / 0.00 s
 
--> Parameter xsthdpdir set to ./xst
CPU : 0.00 / 0.64 s | Elapsed : 0.00 / 0.00 s
 
--> Reading design: mux5.prj

TABLE OF CONTENTS
  1) Synthesis Options Summary
  2) HDL Compilation
  3) HDL Analysis
  4) HDL Synthesis
     4.1) HDL Synthesis Report
  5) Advanced HDL Synthesis
     5.1) Advanced HDL Synthesis Report
  6) Low Level Synthesis
  7) Final Report

=========================================================================
*                      Synthesis Options Summary                        *
=========================================================================
---- Source Parameters
Input File Name                    : "mux5.prj"
Input Format                       : mixed
Ignore Synthesis Constraint File   : NO

---- Target Parameters
Output File Name                   : "mux5"
Output Format                      : NGC
Target Device                      : Automotive CoolRunner2

---- Source Options
Top Module Name                    : mux5
Automatic FSM Extraction           : YES
FSM Encoding Algorithm             : Auto
Mux Extraction                     : YES
Resource Sharing                   : YES

---- Target Options
Add IO Buffers                     : YES
MACRO Preserve                     : YES
XOR Preserve                       : YES
Equivalent register Removal        : YES

---- General Options
Optimization Goal                  : Speed
Optimization Effort                : 1
Keep Hierarchy                     : YES
RTL Output                         : Yes
Hierarchy Separator                : /
Bus Delimiter                      : <>
Case Specifier                     : maintain

---- Other Options
lso                                : mux5.lso
verilog2001                        : YES
safe_implementation                : No
wysiwyg                            : NO

=========================================================================


=========================================================================
*                          HDL Compilation                              *
=========================================================================
Compiling vhdl file "D:/Documentos/XILINXPROYECTOS/aluparc/mux5.vhd" in Library work.
Entity <mux5> compiled.
WARNING:HDLParsers:1406 - "D:/Documentos/XILINXPROYECTOS/aluparc/mux5.vhd" Line 48. No sensitivity list and no wait in the process
Entity <mux5> (Architecture <escoge>) compiled.

=========================================================================
*                            HDL Analysis                               *
=========================================================================
Analyzing Entity <mux5> (Architecture <escoge>).
WARNING:Xst:1610 - "D:/Documentos/XILINXPROYECTOS/aluparc/mux5.vhd" line 52: Width mismatch. <resulms> has a width of 8 bits but assigned expression is 1-bit wide.
WARNING:Xst:1610 - "D:/Documentos/XILINXPROYECTOS/aluparc/mux5.vhd" line 55: Width mismatch. <resulms> has a width of 8 bits but assigned expression is 1-bit wide.
WARNING:Xst:1610 - "D:/Documentos/XILINXPROYECTOS/aluparc/mux5.vhd" line 57: Width mismatch. <results> has a width of 4 bits but assigned expression is 1-bit wide.
WARNING:Xst:1610 - "D:/Documentos/XILINXPROYECTOS/aluparc/mux5.vhd" line 61: Width mismatch. <resulms> has a width of 8 bits but assigned expression is 1-bit wide.
WARNING:Xst:1610 - "D:/Documentos/XILINXPROYECTOS/aluparc/mux5.vhd" line 64: Width mismatch. <resulms> has a width of 8 bits but assigned expression is 1-bit wide.
WARNING:Xst:819 - "D:/Documentos/XILINXPROYECTOS/aluparc/mux5.vhd" line 48: The following signals are missing in the process sensitivity list:
   selec, ISUM, IRES, IMUL, ISL, ISR, results, resulms.
Entity <mux5> analyzed. Unit <mux5> generated.


=========================================================================
*                           HDL Synthesis                               *
=========================================================================

Synthesizing Unit <mux5>.
    Related source file is "D:/Documentos/XILINXPROYECTOS/aluparc/mux5.vhd".
WARNING:Xst:737 - Found 8-bit latch for signal <resulms>.
INFO:Xst:2371 - HDL ADVISOR - Logic functions respectively driving the data and gate enable inputs of this latch share common terms. This situation will potentially lead to setup/hold violations and, as a result, to simulation problems. This situation may come from an incomplete case statement (all selector values are not covered). You should carefuly review if it was in your intentions to describe such a latch.
WARNING:Xst:737 - Found 4-bit latch for signal <results>.
INFO:Xst:2371 - HDL ADVISOR - Logic functions respectively driving the data and gate enable inputs of this latch share common terms. This situation will potentially lead to setup/hold violations and, as a result, to simulation problems. This situation may come from an incomplete case statement (all selector values are not covered). You should carefuly review if it was in your intentions to describe such a latch.
    Found 4-bit 5-to-1 multiplexer for signal <$n0009>.
Unit <mux5> synthesized.


=========================================================================
HDL Synthesis Report

Macro Statistics
# Latches                                              : 2
 4-bit latch                                           : 1
 8-bit latch                                           : 1
# Multiplexers                                         : 1
 4-bit 5-to-1 multiplexer                              : 1

=========================================================================

=========================================================================
*                       Advanced HDL Synthesis                          *
=========================================================================


=========================================================================
Advanced HDL Synthesis Report

Macro Statistics
# Latches                                              : 2
 4-bit latch                                           : 1
 8-bit latch                                           : 1
# Multiplexers                                         : 1
 4-bit 5-to-1 multiplexer                              : 1

=========================================================================

=========================================================================
*                         Low Level Synthesis                           *
=========================================================================

Optimizing unit <mux5> ...

=========================================================================
*                            Final Report                               *
=========================================================================
Final Results
RTL Top Level Output File Name     : mux5.ngr
Top Level Output File Name         : mux5
Output Format                      : NGC
Optimization Goal                  : Speed
Keep Hierarchy                     : YES
Target Technology                  : Automotive CoolRunner2
Macro Preserve                     : YES
XOR Preserve                       : YES
wysiwyg                            : NO

Design Statistics
# IOs                              : 39

Cell Usage :
# BELS                             : 45
#      AND2                        : 26
#      AND3                        : 4
#      INV                         : 10
#      OR4                         : 4
#      OR5                         : 1
# FlipFlops/Latches                : 12
#      LD                          : 12
# IO Buffers                       : 39
#      IBUF                        : 27
#      OBUF                        : 12
=========================================================================
CPU : 10.58 / 11.23 s | Elapsed : 11.00 / 11.00 s
 
--> 

Total memory usage is 91336 kilobytes

Number of errors   :    0 (   0 filtered)
Number of warnings :    9 (   0 filtered)
Number of infos    :    2 (   0 filtered)

