Release 8.1i - xst I.24
Copyright (c) 1995-2005 Xilinx, Inc.  All rights reserved.
--> Parameter TMPDIR set to ./xst/projnav.tmp
CPU : 0.00 / 0.56 s | Elapsed : 0.00 / 1.00 s
 
--> Parameter xsthdpdir set to ./xst
CPU : 0.00 / 0.56 s | Elapsed : 0.00 / 1.00 s
 
--> Reading design: shiftregister.prj

TABLE OF CONTENTS
  1) Synthesis Options Summary
  2) HDL Compilation
  3) HDL Analysis
  4) HDL Synthesis
     4.1) HDL Synthesis Report
  5) Advanced HDL Synthesis
     5.1) Advanced HDL Synthesis Report
  6) Low Level Synthesis
  7) Final Report

=========================================================================
*                      Synthesis Options Summary                        *
=========================================================================
---- Source Parameters
Input File Name                    : "shiftregister.prj"
Input Format                       : mixed
Ignore Synthesis Constraint File   : NO

---- Target Parameters
Output File Name                   : "shiftregister"
Output Format                      : NGC
Target Device                      : Automotive CoolRunner2

---- Source Options
Top Module Name                    : shiftregister
Automatic FSM Extraction           : YES
FSM Encoding Algorithm             : Auto
Mux Extraction                     : YES
Resource Sharing                   : YES

---- Target Options
Add IO Buffers                     : YES
MACRO Preserve                     : YES
XOR Preserve                       : YES
Equivalent register Removal        : YES

---- General Options
Optimization Goal                  : Speed
Optimization Effort                : 1
Keep Hierarchy                     : YES
RTL Output                         : Yes
Hierarchy Separator                : /
Bus Delimiter                      : <>
Case Specifier                     : maintain

---- Other Options
lso                                : shiftregister.lso
verilog2001                        : YES
safe_implementation                : No
wysiwyg                            : NO

=========================================================================


=========================================================================
*                          HDL Compilation                              *
=========================================================================
Compiling vhdl file "D:/Documentos/XILINXPROYECTOS/aluparc/shiftregister.vhd" in Library work.
Architecture desplaza of Entity shiftregister is up to date.

=========================================================================
*                            HDL Analysis                               *
=========================================================================
Analyzing Entity <shiftregister> (Architecture <desplaza>).
WARNING:Xst:819 - "D:/Documentos/XILINXPROYECTOS/aluparc/shiftregister.vhd" line 46: The following signals are missing in the process sensitivity list:
   enreg.
Entity <shiftregister> analyzed. Unit <shiftregister> generated.


=========================================================================
*                           HDL Synthesis                               *
=========================================================================

Synthesizing Unit <shiftregister>.
    Related source file is "D:/Documentos/XILINXPROYECTOS/aluparc/shiftregister.vhd".
WARNING:Xst:647 - Input <DES<3>> is never used.
WARNING:Xst:653 - Signal <i> is used but never assigned. Tied to value 100.
    Found 3-bit comparator greater for signal <$n0005> created at line 51.
    Found 4-bit register for signal <tmp>.
    Summary:
	inferred   1 Comparator(s).
Unit <shiftregister> synthesized.


=========================================================================
HDL Synthesis Report

Macro Statistics
# Registers                                            : 1
 4-bit register                                        : 1
# Comparators                                          : 1
 3-bit comparator greater                              : 1

=========================================================================

=========================================================================
*                       Advanced HDL Synthesis                          *
=========================================================================


=========================================================================
Advanced HDL Synthesis Report

Macro Statistics
# Registers                                            : 4
 Flip-Flops                                            : 4

=========================================================================

=========================================================================
*                         Low Level Synthesis                           *
=========================================================================

Optimizing unit <shiftregister> ...

=========================================================================
*                            Final Report                               *
=========================================================================
Final Results
RTL Top Level Output File Name     : shiftregister.ngr
Top Level Output File Name         : shiftregister
Output Format                      : NGC
Optimization Goal                  : Speed
Keep Hierarchy                     : YES
Target Technology                  : Automotive CoolRunner2
Macro Preserve                     : YES
XOR Preserve                       : YES
wysiwyg                            : NO

Design Statistics
# IOs                              : 15

Cell Usage :
# BELS                             : 20
#      AND2                        : 10
#      GND                         : 1
#      INV                         : 4
#      OR2                         : 5
# FlipFlops/Latches                : 4
#      FDCE                        : 4
# IO Buffers                       : 14
#      IBUF                        : 10
#      OBUF                        : 4
=========================================================================
CPU : 10.11 / 10.69 s | Elapsed : 10.00 / 11.00 s
 
--> 

Total memory usage is 91208 kilobytes

Number of errors   :    0 (   0 filtered)
Number of warnings :    3 (   0 filtered)
Number of infos    :    0 (   0 filtered)

